<?xml version="1.0" encoding="UTF-8"?>
<testng-results ignored="0" total="1" passed="1" failed="0" skipped="0">
  <reporter-output>
  </reporter-output>
  <suite started-at="2023-09-11T19:37:50 IST" name="Default suite" finished-at="2023-09-11T19:38:47 IST" duration-ms="57836">
    <groups>
    </groups>
    <test started-at="2023-09-11T19:37:50 IST" name="Default test" finished-at="2023-09-11T19:38:47 IST" duration-ms="57836">
      <class name="Demo.UrvashiDemo.VerifyLogin2">
        <test-method signature="login()[pri:0, instance:Demo.UrvashiDemo.VerifyLogin2@7c7b252e]" started-at="2023-09-11T19:37:50 IST" name="login" finished-at="2023-09-11T19:38:47 IST" duration-ms="57786" status="PASS">
          <reporter-output>
          </reporter-output>
        </test-method> <!-- login -->
      </class> <!-- Demo.UrvashiDemo.VerifyLogin2 -->
    </test> <!-- Default test -->
  </suite> <!-- Default suite -->
</testng-results>
